{"ts":"2024-09-20T13:07:20.213","sev":"info","k":"backend-process-manager","v":"Started up.","pid":27607}
{"ts":"2024-09-20T13:07:20.215","sev":"info","k":"backend-process-manager","v":"Received configuration from App","pid":27607}
{"ts":"2024-09-20T13:07:20.216","sev":"info","k":"backend-process-manager","v":"Using locale en_US for text in BackendProcessManager","pid":27607}
{"ts":"2024-09-20T13:07:20.219","sev":"info","k":"backend-manager","v":"Creating an HTTP server to talk to backend","pid":27607}
{"ts":"2024-09-20T13:07:20.222","sev":"info","k":"backend-manager","v":"Http server listening on port 52965","pid":27607}
{"ts":"2024-09-20T13:07:20.222","sev":"info","k":"backend-manager","v":"Creating temp directory at /tmp/prep--27607-dDPtJ7Fwui1A","pid":27607}
{"ts":"2024-09-20T13:07:20.222","sev":"info","k":"backend-manager","v":"Library path at /Applications/Tableau Prep Builder 2024.2 (Apple silicon).app/Contents/Plugins/jre/bin","pid":27607}
{"ts":"2024-09-20T13:07:20.222","sev":"info","k":"app-utils","v":"build version: 24.22.24.0806.1530","pid":27607}
{"ts":"2024-09-20T13:07:20.222","sev":"debug","k":"backend-manager","v":{"backendStartupConfig":{"featureFlags":{"addSearchForProjects":true,"adpCustomDataRole":false,"BlockNonHyperOnUploadAndPublish":false,"builder4DataCloud":false,"calculationAssistantConversationApi":false,"calculationAssistantEnabled":false,"calculationAssistantIncludeSchemaMetadataInSystemPrompt":true,"calculationAssistantUseContentExplorationSharedCalcSkill":true,"calculationAssistantBasicRAGEnabledForModel3":true,"calculationAssistantFieldInferenceRAG":true,"calculationAssistantFewShotRAG":true,"changesPaneProminentFieldNames":false,"connectionCheckForPublishedFlow":true,"datagridSortOnHeaders":true,"dedupeRows":true,"enableDataConnections":true,"enableTdsReplacement":false,"exportAsVersion":false,"fillDownAndRunningCalcs":true,"findAndReplaceValues":false,"flexibleColumnReordering":true,"FlowMinerva_SupportBridgeResolution":true,"flowServerToCloudMigration":true,"flowTags":true,"futureFeature":false,"GenerateRowNumber":true,"IDSLoosenMaestroVizPortalVersionCheck":true,"integrationTestFeatureFlags":true,"joinClauseDrawingStatuses":false,"keepSelectionIfNewSelectionUndefined":true,"maxDataSamplingOption":true,"MinervaQueryCacheEnabled":true,"MixedContentConnectToInPrep":true,"modelessCalculationDialog":false,"prepOutboundConnectionsAllowList":false,"prepConductorAwarenessEnabled":true,"prepConductorGrpcPublishingService":false,"pwaDowngradeOnPublish":true,"refreshDatasource":false,"richConditionFilter":false,"salesforceDataCloudRemoveDbname":true,"serverStickiness":true,"skipNRows":true,"skipNRowsSP2":true,"slowMetadataAddButton":false,"stratifiedSamplingOption":true,"superTransformNodes":true,"tabPyArrowFlight":false,"timestampOutput":true,"titlecaseQuickCalc":true,"transformationToasts":false,"useArrowResultFormat":false,"useMinervaHyperService":false,"vizportalUrlRedirect":false,"webVersioning":false,"writeToDataCloud":true,"writeToS3":true},"appSettings":{"textLocale":"en_US","recommendationsDisabled":false,"datasourcesFolderPath":"/Users/phutharesuanwachirapisut/Documents/My Tableau Prep Repository/Datasources"}}},"pid":27607}
{"ts":"2024-09-20T13:07:20.223","sev":"info","k":"backend-manager","v":{"restApiArgs":["-Djna.nosys=true","-Dmaestro.bootstrap_servlet=true","-Djava.library.path=/Applications/Tableau Prep Builder 2024.2 (Apple silicon).app/Contents/Plugins/jre/bin:/usr/bin:/bin:/usr/sbin:/sbin","-Djava.io.tmpdir=/tmp/prep--27607-dDPtJ7Fwui1A","-Dloom.recordTelemetry=true","-Dloom.repositorypath=%2FUsers%2Fphutharesuanwachirapisut%2FDocuments%2FMy%20Tableau%20Prep%20Repository","-Dloom.repository.logsPath=%2FUsers%2Fphutharesuanwachirapisut%2FDocuments%2FMy%20Tableau%20Prep%20Repository%2FLogs","-Dloom.repository.datasourcesPath=%2FUsers%2Fphutharesuanwachirapisut%2FDocuments%2FMy%20Tableau%20Prep%20Repository%2FDatasources","-Dloom.repository.recoveredFlowsPath=%2FUsers%2Fphutharesuanwachirapisut%2FDocuments%2FMy%20Tableau%20Prep%20Repository%2FRecovered%20Flows","-Dloom.repository.connectorsPath=%2FUsers%2Fphutharesuanwachirapisut%2FDocuments%2FMy%20Tableau%20Prep%20Repository%2FConnectors","-Dloom.repository.language=en_US","-XX:-UsePerfData","-Djava.net.useSystemProxies=true","-Dcom.sun.security.enableAIAcaIssuers=true","-jar","/Applications/Tableau Prep Builder 2024.2 (Apple silicon).app/Contents/Resources/app/loom-rest-api-1.0-SNAPSHOT.jar","--maestro.desktop.app.port=52965","--maestro.desktop.app.version.build=24.22.24.0806.1530","--maestro.desktop.app.version.external=2024.2.2","--maestro.default_settings.location=%2Fvar%2Ffolders%2F7t%2F3b3ftw4173nfsbh_5d5nj6mh0000gn%2FT%2Ftmp-27607-RYX6gV4wq3qq","--maestro.desktop.app.pid=27607","--spring.config.location=optional:file:%2FApplications%2FTableau%20Prep%20Builder%202024.2%20(Apple%20silicon).app%2FContents%2FResources%2Fapp%2Fapplication.properties","--maestro.telemetry.config.location=/Library/Application Support/Tableau Prep Builder/telemetryConfig.properties"]},"pid":27607}
{"ts":"2024-09-20T13:07:20.223","sev":"info","k":"backend-manager","v":"Setting releaseDir to Release-arm64","pid":27607}
{"ts":"2024-09-20T13:07:20.223","sev":"info","k":"backend-manager","v":"Using Tableau binaries from /Applications/Tableau Prep Builder 2024.2 (Apple silicon).app/Contents/Resources/app/tableau-1.3/build/Release-arm64","pid":27607}
{"ts":"2024-09-20T13:07:20.223","sev":"info","k":"backend-manager","v":{"restApiEnv":{"ELECTRON_RUN_AS_NODE":"1","MallocNanoZone":"0","USER":"phutharesuanwachirapisut","COMMAND_MODE":"unix2003","__CFBundleIdentifier":"com.tableausoftware.tableauprep","PATH":"/Applications/Tableau Prep Builder 2024.2 (Apple silicon).app/Contents/Resources/app/tableau-1.3/build/Release-arm64:/usr/bin:/bin:/usr/sbin:/sbin","LOGNAME":"phutharesuanwachirapisut","SSH_AUTH_SOCK":"/private/tmp/com.apple.launchd.kRI1j6vY2S/Listeners","HOME":"/Users/phutharesuanwachirapisut","SHELL":"/bin/zsh","TMPDIR":"/var/folders/7t/3b3ftw4173nfsbh_5d5nj6mh0000gn/T/","__CF_USER_TEXT_ENCODING":"0x1F5:0x0:0x0","XPC_SERVICE_NAME":"application.com.tableausoftware.tableauprep.24358011.24358016","XPC_FLAGS":"0x0","ORIGINAL_XDG_CURRENT_DESKTOP":"undefined","AQLAPI":"/Applications/Tableau Prep Builder 2024.2 (Apple silicon).app/Contents/Resources/app/tableau-1.3/build/Release-arm64","HYPER":"/Applications/Tableau Prep Builder 2024.2 (Apple silicon).app/Contents/Resources/app/tableau-1.3/build/Release-arm64/hyper","PREP_SERVICE":"/Applications/Tableau Prep Builder 2024.2 (Apple silicon).app/Contents/Resources/app/tableau-1.3/build/Release-arm64","TABMINERVA":"/Applications/Tableau Prep Builder 2024.2 (Apple silicon).app/Contents/Resources/app/tableau-1.3/build/Release-arm64","LOOM_HYPER_PATH_OVERRIDE":"/Applications/Tableau Prep Builder 2024.2 (Apple silicon).app/Contents/Resources/app/hyper"}},"pid":27607}
{"ts":"2024-09-20T13:07:20.223","sev":"info","k":"backend-manager","v":"Setting thumbprint file path /var/folders/7t/3b3ftw4173nfsbh_5d5nj6mh0000gn/T/tmp-27602-ZaO0iclBpSoH","pid":27607}
{"ts":"2024-09-20T13:07:20.223","sev":"info","k":"backend-manager","v":"Java path: /Applications/Tableau Prep Builder 2024.2 (Apple silicon).app/Contents/Plugins/jre/bin/java","pid":27607}
{"ts":"2024-09-20T13:07:20.229","sev":"info","k":"backend-manager","v":"spawned restApi with PID: 27608","pid":27607}
{"ts":"2024-09-20T13:07:33.993","sev":"info","k":"backend-manager","v":"New connection","pid":27607}
{"ts":"2024-09-20T13:07:33.995","sev":"info","k":"backend-manager","v":"Received HTTP request from backend","pid":27607}
{"ts":"2024-09-20T13:07:33.995","sev":"info","k":"backend-manager","v":"Got POST /backendConfig request","pid":27607}
{"ts":"2024-09-20T13:07:33.995","sev":"info","k":"backend-manager","v":"Got {\"port\":52988}","pid":27607}
{"ts":"2024-09-20T13:07:33.995","sev":"info","k":"backend-manager","v":"Successfully started backend","pid":27607}
{"ts":"2024-09-20T13:07:33.999","sev":"info","k":"backend-manager","v":"Destroying a client connection","pid":27607}
{"ts":"2024-09-20T13:07:33.999","sev":"info","k":"backend-manager","v":"Closing HTTP server","pid":27607}
{"ts":"2024-09-20T13:07:54.163","sev":"info","k":"rest-api-stdout","v":"ANTLR Tool version 4.7 used for code generation does not match the current runtime version 4.9.3","pid":27607}
{"ts":"2024-09-20T13:07:54.634","sev":"info","k":"rest-api-stdout","v":"\nANTLR Runtime version 4.7 used for parser compilation does not match the current runtime version 4.9.3\nANTLR Tool version 4.7 used for code generation does not match the current runtime version 4.9.3","pid":27607}
{"ts":"2024-09-20T13:07:54.634","sev":"info","k":"rest-api-stdout","v":"\nANTLR Runtime version 4.7 used for parser compilation does not match the current runtime version 4.9.3","pid":27607}
{"ts":"2024-09-20T13:10:20.316","sev":"info","k":"rest-api-stdout","v":"\nWARNING: An illegal reflective access operation has occurred","pid":27607}
{"ts":"2024-09-20T13:10:26.718","sev":"info","k":"rest-api-stdout","v":"\nWARNING: Illegal reflective access by com.tableau.loom.utils.ConnectionUtils (jar:file:/Applications/Tableau%20Prep%20Builder%202024.2%20(Apple%20silicon).app/Contents/Resources/app/loom-rest-api-1.0-SNAPSHOT.jar!/BOOT-INF/lib/loom-lang-20242.0.jar!/) to method sun.nio.fs.UnixPath.asByteArray()\nWARNING: Please consider reporting this to the maintainers of com.tableau.loom.utils.ConnectionUtils\nWARNING: Use --illegal-access=warn to enable warnings of further illegal reflective access operations\nWARNING: All illegal access operations will be denied in a future release\nline 1:3 no viable alternative at input '(((ISNULL'","pid":27607}
{"ts":"2024-09-20T13:10:26.766","sev":"info","k":"rest-api-stdout","v":"\nline 1:3 no viable alternative at input '(((ISNULL'","pid":27607}
{"ts":"2024-09-20T13:10:26.829","sev":"info","k":"rest-api-stdout","v":"\nline 1:2 no viable alternative at input '((NOT'","pid":27607}
{"ts":"2024-09-20T13:22:36.094","sev":"info","k":"rest-api-stdout","v":"\nline 1:3 no viable alternative at input '(((ISNULL'","pid":27607}
{"ts":"2024-09-20T13:22:36.133","sev":"info","k":"rest-api-stdout","v":"\nline 1:2 no viable alternative at input '((NOT'","pid":27607}
{"ts":"2024-09-20T13:26:29.147","sev":"info","k":"rest-api-stdout","v":"\nline 1:3 no viable alternative at input '(((ISNULL'","pid":27607}
{"ts":"2024-09-20T13:26:29.225","sev":"info","k":"rest-api-stdout","v":"\nline 1:2 no viable alternative at input '((NOT'","pid":27607}
{"ts":"2024-09-20T13:26:29.338","sev":"info","k":"rest-api-stdout","v":"\nline 1:3 no viable alternative at input '(((ISNULL'","pid":27607}
{"ts":"2024-09-20T13:26:29.388","sev":"info","k":"rest-api-stdout","v":"\nline 1:2 no viable alternative at input '((NOT'","pid":27607}
{"ts":"2024-09-20T13:26:48.620","sev":"info","k":"rest-api-stdout","v":"2024-09-20 13:26:48,619 https-jsse-nio-127.0.0.1-auto-1-exec-6 ERROR Recursive call to appender RotateOnStartupLogAppender","pid":27607}
{"ts":"2024-09-20T13:26:48.620","sev":"info","k":"rest-api-stdout","v":"\n2024-09-20 13:26:48,619 https-jsse-nio-127.0.0.1-auto-1-exec-6 ERROR Recursive call to appender RotateOnStartupLogAppender","pid":27607}
{"ts":"2024-09-20T13:27:00.189","sev":"info","k":"rest-api-stdout","v":"\n2024-09-20 13:27:00,188 https-jsse-nio-127.0.0.1-auto-1-exec-4 ERROR Recursive call to appender RotateOnStartupLogAppender","pid":27607}
{"ts":"2024-09-20T13:27:00.367","sev":"info","k":"rest-api-stdout","v":"\nline 1:3 no viable alternative at input '(((ISNULL'","pid":27607}
{"ts":"2024-09-20T13:27:00.437","sev":"info","k":"rest-api-stdout","v":"\nline 1:2 no viable alternative at input '((NOT'","pid":27607}
{"ts":"2024-09-20T13:27:00.657","sev":"info","k":"rest-api-stdout","v":"\nline 1:3 no viable alternative at input '(((ISNULL'","pid":27607}
{"ts":"2024-09-20T13:27:00.703","sev":"info","k":"rest-api-stdout","v":"\nline 1:2 no viable alternative at input '((NOT'","pid":27607}
{"ts":"2024-09-20T13:27:12.359","sev":"info","k":"rest-api-stdout","v":"\nline 1:3 no viable alternative at input '(((ISNULL'","pid":27607}
{"ts":"2024-09-20T13:27:12.415","sev":"info","k":"rest-api-stdout","v":"\nline 1:2 no viable alternative at input '((NOT'","pid":27607}
{"ts":"2024-09-20T13:27:12.517","sev":"info","k":"rest-api-stdout","v":"\nline 1:3 no viable alternative at input '(((ISNULL'","pid":27607}
{"ts":"2024-09-20T13:27:12.545","sev":"info","k":"rest-api-stdout","v":"\nline 1:2 no viable alternative at input '((NOT'","pid":27607}
{"ts":"2024-09-20T13:27:24.062","sev":"info","k":"rest-api-stdout","v":"\nline 1:3 no viable alternative at input '(((ISNULL'","pid":27607}
{"ts":"2024-09-20T13:27:24.090","sev":"info","k":"rest-api-stdout","v":"\nline 1:2 no viable alternative at input '((NOT'","pid":27607}
{"ts":"2024-09-20T13:31:17.643","sev":"info","k":"rest-api-stdout","v":"\nline 1:3 no viable alternative at input '(((ISNULL'","pid":27607}
{"ts":"2024-09-20T13:31:17.669","sev":"info","k":"rest-api-stdout","v":"\nline 1:3 no viable alternative at input '(((ISNULL'","pid":27607}
{"ts":"2024-09-20T13:31:17.711","sev":"info","k":"rest-api-stdout","v":"\nline 1:2 no viable alternative at input '((NOT'","pid":27607}
{"ts":"2024-09-20T13:37:52.398","sev":"info","k":"rest-api-stdout","v":"\nline 1:2 no viable alternative at input '((NOT'","pid":27607}
{"ts":"2024-09-20T13:37:58.789","sev":"info","k":"rest-api-stdout","v":"\nline 1:2 no viable alternative at input '((NOT'","pid":27607}
{"ts":"2024-09-20T14:03:06.811","sev":"info","k":"backend-process-manager","v":"Received disconnect event. Shutting down.","pid":27607}
{"ts":"2024-09-20T14:03:06.811","sev":"info","k":"backend-process-manager","v":"waiting for backendManager.stop() to finish","pid":27607}
{"ts":"2024-09-20T14:03:06.814","sev":"info","k":"backend-manager","v":"Sending shutdown request to java server","pid":27607}
{"ts":"2024-09-20T14:03:09.126","sev":"info","k":"backend-manager","v":"Rest API process shutdown request received error, as expected: Error: socket hang up","pid":27607}
{"ts":"2024-09-20T14:03:09.646","sev":"info","k":"backend-manager","v":"Backend process exited with code 0, ignoring","pid":27607}
{"ts":"2024-09-20T14:03:09.666","sev":"info","k":"backend-manager","v":"Rest API process successfully shut itself down","pid":27607}
{"ts":"2024-09-20T14:03:09.667","sev":"info","k":"backend-manager","v":"Shutdown process took 2s","pid":27607}
{"ts":"2024-09-20T14:03:09.667","sev":"info","k":"backend-process-manager","v":"backendManager.stop() has finished","pid":27607}
{"ts":"2024-09-20T14:03:09.668","sev":"info","k":"app-exit","v":"Exiting from process.exit","pid":27607}
